<?xml version="1.0" encoding="UTF-8"?>
<!-- Generated by org.testng.reporters.JUnitReportReporter -->
<testsuite hostname="Nadine-PC" failures="0" tests="4" name="Automation.MyTestCases" time="2.224" errors="0" timestamp="2025-09-11T20:55:46 EET" skipped="3">
  <testcase classname="Automation.MyTestCases" name="AddItemToTheCart" time="2.224"/>
  <testcase classname="Automation.MyTestCases" name="SignupTest">
    <skipped/>
  </testcase> <!-- SignupTest -->
  <testcase classname="Automation.MyTestCases" name="LogoutTest">
    <skipped/>
  </testcase> <!-- LogoutTest -->
  <testcase classname="Automation.MyTestCases" name="Login">
    <skipped/>
  </testcase> <!-- Login -->
</testsuite> <!-- Automation.MyTestCases -->
